[ 2014-03-01T23:50:59+08:00 ] 127.0.0.1 /DWMS/www/index.php/Home/TransportManifest/transfer_manifest_handle_modify?manifest_id=121023
INFO: [ route_check ] --START--
INFO: CheckRoute Behavior ::run [ RunTime:0.001167s ]
INFO: [ route_check ] --END-- [ RunTime:0.001695s ]
INFO: [ app_begin ] --START--
INFO: ReadHtmlCache Behavior ::run [ RunTime:0.001452s ]
INFO: [ app_begin ] --END-- [ RunTime:0.001727s ]
SQL: SHOW COLUMNS FROM `manifest` [ RunTime:0.004590s ]
SQL: SELECT * FROM `manifest` WHERE ( `manifest_id` = 121023 ) LIMIT 1   [ RunTime:0.004238s ]
SQL: SHOW COLUMNS FROM `transport_unit` [ RunTime:0.004861s ]
SQL: SELECT * FROM `transport_unit` WHERE ( `transport_unit_id` = 7 ) LIMIT 1   [ RunTime:0.002980s ]
SQL: SHOW COLUMNS FROM `vehicle` [ RunTime:0.004146s ]
SQL: SELECT * FROM `vehicle` WHERE ( `transport_unit_id` = 7 )  [ RunTime:0.002056s ]
SQL: SELECT * FROM `vehicle` WHERE ( `vehicle_id` = 24 ) LIMIT 1   [ RunTime:0.002990s ]
SQL: SELECT * FROM `vehicle` WHERE ( `vehicle_id` = null ) LIMIT 1   [ RunTime:0.002700s ]
SQL: SELECT `production_unit_id` FROM `manifest` WHERE ( manifest_id='121023' ) LIMIT 1   [ RunTime:0.001878s ]
SQL: SELECT `reception_unit_id` FROM `manifest` WHERE ( manifest_id='121023' ) LIMIT 1   [ RunTime:0.001778s ]
SQL: SHOW COLUMNS FROM `production_unit` [ RunTime:0.004212s ]
SQL: SELECT `production_unit_name` FROM `production_unit` WHERE ( production_unit_id='66' ) LIMIT 1   [ RunTime:0.003102s ]
SQL: SHOW COLUMNS FROM `reception_unit` [ RunTime:0.005102s ]
SQL: SELECT `reception_unit_name` FROM `reception_unit` WHERE ( reception_unit_id='14' ) LIMIT 1   [ RunTime:0.001818s ]
INFO: [ view_parse ] --START--
INFO: ParseTemplate Behavior ::run [ RunTime:0.025408s ]
INFO: [ view_parse ] --END-- [ RunTime:0.025635s ]
INFO: [ view_filter ] --START--
INFO: ContentReplace Behavior ::run [ RunTime:0.001431s ]
INFO: TokenBuild Behavior ::run [ RunTime:0.001608s ]
INFO: WriteHtmlCache Behavior ::run [ RunTime:0.000847s ]
INFO: ShowRuntime Behavior ::run [ RunTime:0.001221s ]
INFO: [ view_filter ] --END-- [ RunTime:0.005697s ]

[ 2014-03-01T23:52:39+08:00 ] 127.0.0.1 /DWMS/www/index.php/Home/TransportManifest/transfer_manifest_handle.html
INFO: [ route_check ] --START--
INFO: CheckRoute Behavior ::run [ RunTime:0.003368s ]
INFO: [ route_check ] --END-- [ RunTime:0.003834s ]
INFO: [ app_begin ] --START--
INFO: ReadHtmlCache Behavior ::run [ RunTime:0.001200s ]
INFO: [ app_begin ] --END-- [ RunTime:0.001400s ]
SQL: SHOW COLUMNS FROM `manifest` [ RunTime:0.003706s ]
SQL: SELECT `manifest_id`,`manifest_num`,`manifest_add_time`,`manifest_status` FROM `manifest` WHERE ( `transport_unit_id` = 7 ) AND ( manifest_status>0 )  [ RunTime:0.002314s ]
SQL: SHOW COLUMNS FROM `transport_unit` [ RunTime:0.003698s ]
SQL: SELECT `transport_unit_name` FROM `transport_unit` WHERE ( `transport_unit_id` = 7 ) LIMIT 1   [ RunTime:0.001845s ]
INFO: [ view_parse ] --START--
INFO: ParseTemplate Behavior ::run [ RunTime:0.011308s ]
INFO: [ view_parse ] --END-- [ RunTime:0.011550s ]
INFO: [ view_filter ] --START--
INFO: ContentReplace Behavior ::run [ RunTime:0.000780s ]
INFO: TokenBuild Behavior ::run [ RunTime:0.000791s ]
INFO: WriteHtmlCache Behavior ::run [ RunTime:0.000649s ]
INFO: ShowRuntime Behavior ::run [ RunTime:0.001462s ]
INFO: [ view_filter ] --END-- [ RunTime:0.004216s ]

[ 2014-03-01T23:52:42+08:00 ] 127.0.0.1 /DWMS/www/index.php/Home/TransportManifest/transfer_manifest_handle_modify?manifest_id=121023
INFO: [ route_check ] --START--
INFO: CheckRoute Behavior ::run [ RunTime:0.002135s ]
INFO: [ route_check ] --END-- [ RunTime:0.002549s ]
INFO: [ app_begin ] --START--
INFO: ReadHtmlCache Behavior ::run [ RunTime:0.001515s ]
INFO: [ app_begin ] --END-- [ RunTime:0.001806s ]
SQL: SHOW COLUMNS FROM `manifest` [ RunTime:0.005565s ]
SQL: SELECT * FROM `manifest` WHERE ( `manifest_id` = 121023 ) LIMIT 1   [ RunTime:0.004554s ]
SQL: SHOW COLUMNS FROM `transport_unit` [ RunTime:0.005470s ]
SQL: SELECT * FROM `transport_unit` WHERE ( `transport_unit_id` = 7 ) LIMIT 1   [ RunTime:0.002790s ]
SQL: SHOW COLUMNS FROM `vehicle` [ RunTime:0.002593s ]
SQL: SELECT * FROM `vehicle` WHERE ( `transport_unit_id` = 7 )  [ RunTime:0.002752s ]
SQL: SELECT * FROM `vehicle` WHERE ( `vehicle_id` = 24 ) LIMIT 1   [ RunTime:0.003562s ]
SQL: SELECT * FROM `vehicle` WHERE ( `vehicle_id` = null ) LIMIT 1   [ RunTime:0.002164s ]
SQL: SELECT `production_unit_id` FROM `manifest` WHERE ( manifest_id='121023' ) LIMIT 1   [ RunTime:0.003171s ]
SQL: SELECT `reception_unit_id` FROM `manifest` WHERE ( manifest_id='121023' ) LIMIT 1   [ RunTime:0.003846s ]
SQL: SHOW COLUMNS FROM `production_unit` [ RunTime:0.005333s ]
SQL: SELECT `production_unit_name` FROM `production_unit` WHERE ( production_unit_id='66' ) LIMIT 1   [ RunTime:0.004775s ]
SQL: SHOW COLUMNS FROM `reception_unit` [ RunTime:0.003584s ]
SQL: SELECT `reception_unit_name` FROM `reception_unit` WHERE ( reception_unit_id='14' ) LIMIT 1   [ RunTime:0.001735s ]
INFO: [ view_parse ] --START--
INFO: ParseTemplate Behavior ::run [ RunTime:0.025378s ]
INFO: [ view_parse ] --END-- [ RunTime:0.025567s ]
INFO: [ view_filter ] --START--
INFO: ContentReplace Behavior ::run [ RunTime:0.000835s ]
INFO: TokenBuild Behavior ::run [ RunTime:0.000720s ]
INFO: WriteHtmlCache Behavior ::run [ RunTime:0.000513s ]
INFO: ShowRuntime Behavior ::run [ RunTime:0.000967s ]
INFO: [ view_filter ] --END-- [ RunTime:0.003498s ]

[ 2014-03-01T23:52:44+08:00 ] 127.0.0.1 /DWMS/www/index.php/Home/TransportManifest/transfer_manifest_handle_modified?manifest_id=121023
INFO: [ route_check ] --START--
INFO: CheckRoute Behavior ::run [ RunTime:0.001021s ]
INFO: [ route_check ] --END-- [ RunTime:0.001219s ]
INFO: [ app_begin ] --START--
INFO: ReadHtmlCache Behavior ::run [ RunTime:0.000626s ]
INFO: [ app_begin ] --END-- [ RunTime:0.000736s ]
SQL: SHOW COLUMNS FROM `manifest` [ RunTime:0.010557s ]
SQL: UPDATE `manifest` SET `carrier_1_name`='吴军',`carrier_1_num`='123',`transport_date_1`='2014-03-02',`vehicle_id_1`=24,`transport_license_num_1`='123',`transport_start_point_1`='安庆',`transport_pass_by_1`='',`transport_destination_1`='安庆',`carrier_2_name`='',`carrier_2_num`='',`transport_license_num_2`='',`transport_start_point_2`='',`transport_pass_by_2`='',`transport_destination_2`='',`manifest_modify_time`='2014-03-01 23:52:44',`manifest_status`=2 WHERE ( `manifest_id` = 121023 ) [ RunTime:0.015821s ]

[ 2014-03-01T23:52:45+08:00 ] 127.0.0.1 /DWMS/www/index.php/Home/TransportManifest/transfer_manifest_handle.html
INFO: [ route_check ] --START--
INFO: CheckRoute Behavior ::run [ RunTime:0.001044s ]
INFO: [ route_check ] --END-- [ RunTime:0.001240s ]
INFO: [ app_begin ] --START--
INFO: ReadHtmlCache Behavior ::run [ RunTime:0.001730s ]
INFO: [ app_begin ] --END-- [ RunTime:0.002020s ]
SQL: SHOW COLUMNS FROM `manifest` [ RunTime:0.004544s ]
SQL: SELECT `manifest_id`,`manifest_num`,`manifest_add_time`,`manifest_status` FROM `manifest` WHERE ( `transport_unit_id` = 7 ) AND ( manifest_status>0 )  [ RunTime:0.002681s ]
SQL: SHOW COLUMNS FROM `transport_unit` [ RunTime:0.004407s ]
SQL: SELECT `transport_unit_name` FROM `transport_unit` WHERE ( `transport_unit_id` = 7 ) LIMIT 1   [ RunTime:0.001560s ]
INFO: [ view_parse ] --START--
INFO: ParseTemplate Behavior ::run [ RunTime:0.010983s ]
INFO: [ view_parse ] --END-- [ RunTime:0.011423s ]
INFO: [ view_filter ] --START--
INFO: ContentReplace Behavior ::run [ RunTime:0.000803s ]
INFO: TokenBuild Behavior ::run [ RunTime:0.000718s ]
INFO: WriteHtmlCache Behavior ::run [ RunTime:0.000469s ]
INFO: ShowRuntime Behavior ::run [ RunTime:0.000858s ]
INFO: [ view_filter ] --END-- [ RunTime:0.003255s ]

[ 2014-03-01T23:52:46+08:00 ] 127.0.0.1 /DWMS/www/index.php/Home/TransportManifest/transfer_manifest_handle_submit?manifest_id=121023
INFO: [ route_check ] --START--
INFO: CheckRoute Behavior ::run [ RunTime:0.001411s ]
INFO: [ route_check ] --END-- [ RunTime:0.001644s ]
INFO: [ app_begin ] --START--
INFO: ReadHtmlCache Behavior ::run [ RunTime:0.000954s ]
INFO: [ app_begin ] --END-- [ RunTime:0.001136s ]
SQL: SHOW COLUMNS FROM `manifest` [ RunTime:0.003404s ]
SQL: SELECT * FROM `manifest` WHERE ( `manifest_id` = 121023 ) LIMIT 1   [ RunTime:0.002564s ]
SQL: SHOW COLUMNS FROM `transport_unit` [ RunTime:0.003384s ]
SQL: SELECT * FROM `transport_unit` WHERE ( `transport_unit_id` = 7 ) LIMIT 1   [ RunTime:0.002352s ]
SQL: SELECT `production_unit_id` FROM `manifest` WHERE ( manifest_id='121023' ) LIMIT 1   [ RunTime:0.001811s ]
SQL: SELECT `reception_unit_id` FROM `manifest` WHERE ( manifest_id='121023' ) LIMIT 1   [ RunTime:0.001674s ]
SQL: SHOW COLUMNS FROM `production_unit` [ RunTime:0.006609s ]
SQL: SELECT `production_unit_name` FROM `production_unit` WHERE ( production_unit_id='66' ) LIMIT 1   [ RunTime:0.001747s ]
SQL: SHOW COLUMNS FROM `reception_unit` [ RunTime:0.007273s ]
SQL: SELECT `reception_unit_name` FROM `reception_unit` WHERE ( reception_unit_id='14' ) LIMIT 1   [ RunTime:0.003715s ]
INFO: [ view_parse ] --START--
INFO: ParseTemplate Behavior ::run [ RunTime:0.034231s ]
INFO: [ view_parse ] --END-- [ RunTime:0.034497s ]
INFO: [ view_filter ] --START--
INFO: ContentReplace Behavior ::run [ RunTime:0.001606s ]
INFO: TokenBuild Behavior ::run [ RunTime:0.005074s ]
INFO: WriteHtmlCache Behavior ::run [ RunTime:0.000965s ]
INFO: ShowRuntime Behavior ::run [ RunTime:0.001221s ]
INFO: [ view_filter ] --END-- [ RunTime:0.009577s ]

[ 2014-03-01T23:54:02+08:00 ] 127.0.0.1 /DWMS/www/index.php/Home/TransportManifest/transfer_manifest_handle_submit?manifest_id=121023
INFO: [ route_check ] --START--
INFO: CheckRoute Behavior ::run [ RunTime:0.001388s ]
INFO: [ route_check ] --END-- [ RunTime:0.001660s ]
INFO: [ app_begin ] --START--
INFO: ReadHtmlCache Behavior ::run [ RunTime:0.001011s ]
INFO: [ app_begin ] --END-- [ RunTime:0.001201s ]
SQL: SHOW COLUMNS FROM `manifest` [ RunTime:0.005098s ]
SQL: SELECT * FROM `manifest` WHERE ( `manifest_id` = 121023 ) LIMIT 1   [ RunTime:0.002885s ]
SQL: SHOW COLUMNS FROM `transport_unit` [ RunTime:0.002738s ]
SQL: SELECT * FROM `transport_unit` WHERE ( `transport_unit_id` = 7 ) LIMIT 1   [ RunTime:0.005055s ]
SQL: SELECT `production_unit_id` FROM `manifest` WHERE ( manifest_id='121023' ) LIMIT 1   [ RunTime:0.004794s ]
SQL: SELECT `reception_unit_id` FROM `manifest` WHERE ( manifest_id='121023' ) LIMIT 1   [ RunTime:0.002269s ]
SQL: SHOW COLUMNS FROM `production_unit` [ RunTime:0.006007s ]
SQL: SELECT `production_unit_name` FROM `production_unit` WHERE ( production_unit_id='66' ) LIMIT 1   [ RunTime:0.002834s ]
SQL: SHOW COLUMNS FROM `reception_unit` [ RunTime:0.004396s ]
SQL: SELECT `reception_unit_name` FROM `reception_unit` WHERE ( reception_unit_id='14' ) LIMIT 1   [ RunTime:0.005391s ]
INFO: [ view_parse ] --START--
INFO: ParseTemplate Behavior ::run [ RunTime:0.015168s ]
INFO: [ view_parse ] --END-- [ RunTime:0.015514s ]
INFO: [ view_filter ] --START--
INFO: ContentReplace Behavior ::run [ RunTime:0.001425s ]
INFO: TokenBuild Behavior ::run [ RunTime:0.001069s ]
INFO: WriteHtmlCache Behavior ::run [ RunTime:0.000597s ]
INFO: ShowRuntime Behavior ::run [ RunTime:0.001040s ]
INFO: [ view_filter ] --END-- [ RunTime:0.004787s ]

[ 2014-03-01T23:54:09+08:00 ] 127.0.0.1 /DWMS/www/index.php/Home/TransportManifest/transfer_manifest_handle_submit?manifest_id=121023
INFO: [ route_check ] --START--
INFO: CheckRoute Behavior ::run [ RunTime:0.001406s ]
INFO: [ route_check ] --END-- [ RunTime:0.001661s ]
INFO: [ app_begin ] --START--
INFO: ReadHtmlCache Behavior ::run [ RunTime:0.001646s ]
INFO: [ app_begin ] --END-- [ RunTime:0.001945s ]
SQL: SHOW COLUMNS FROM `manifest` [ RunTime:0.004878s ]
SQL: SELECT * FROM `manifest` WHERE ( `manifest_id` = 121023 ) LIMIT 1   [ RunTime:0.017299s ]
SQL: SHOW COLUMNS FROM `transport_unit` [ RunTime:0.003582s ]
SQL: SELECT * FROM `transport_unit` WHERE ( `transport_unit_id` = 7 ) LIMIT 1   [ RunTime:0.004008s ]
SQL: SELECT `production_unit_id` FROM `manifest` WHERE ( manifest_id='121023' ) LIMIT 1   [ RunTime:0.002265s ]
SQL: SELECT `reception_unit_id` FROM `manifest` WHERE ( manifest_id='121023' ) LIMIT 1   [ RunTime:0.003776s ]
SQL: SHOW COLUMNS FROM `production_unit` [ RunTime:0.004580s ]
SQL: SELECT `production_unit_name` FROM `production_unit` WHERE ( production_unit_id='66' ) LIMIT 1   [ RunTime:0.003221s ]
SQL: SHOW COLUMNS FROM `reception_unit` [ RunTime:0.005451s ]
SQL: SELECT `reception_unit_name` FROM `reception_unit` WHERE ( reception_unit_id='14' ) LIMIT 1   [ RunTime:0.002432s ]
INFO: [ view_parse ] --START--
INFO: ParseTemplate Behavior ::run [ RunTime:0.027214s ]
INFO: [ view_parse ] --END-- [ RunTime:0.027484s ]
INFO: [ view_filter ] --START--
INFO: ContentReplace Behavior ::run [ RunTime:0.000834s ]
INFO: TokenBuild Behavior ::run [ RunTime:0.000753s ]
INFO: WriteHtmlCache Behavior ::run [ RunTime:0.000470s ]
INFO: ShowRuntime Behavior ::run [ RunTime:0.000987s ]
INFO: [ view_filter ] --END-- [ RunTime:0.003527s ]

[ 2014-03-01T23:54:14+08:00 ] 127.0.0.1 /DWMS/www/index.php/Home/TransportManifest/transfer_manifest_handle_submited?manifest_id=121023
INFO: [ route_check ] --START--
INFO: CheckRoute Behavior ::run [ RunTime:0.000748s ]
INFO: [ route_check ] --END-- [ RunTime:0.000880s ]
INFO: [ app_begin ] --START--
INFO: ReadHtmlCache Behavior ::run [ RunTime:0.000571s ]
INFO: [ app_begin ] --END-- [ RunTime:0.000661s ]
SQL: SHOW COLUMNS FROM `manifest` [ RunTime:0.008645s ]
SQL: UPDATE `manifest` SET `manifest_modify_time`='2014-03-01 23:54:14',`manifest_status`=3 WHERE ( `manifest_id` = 121023 ) [ RunTime:0.016896s ]

[ 2014-03-01T23:54:15+08:00 ] 127.0.0.1 /DWMS/www/index.php/Home/TransportManifest/transfer_manifest_handle.html
INFO: [ route_check ] --START--
INFO: CheckRoute Behavior ::run [ RunTime:0.000805s ]
INFO: [ route_check ] --END-- [ RunTime:0.000946s ]
INFO: [ app_begin ] --START--
INFO: ReadHtmlCache Behavior ::run [ RunTime:0.001269s ]
INFO: [ app_begin ] --END-- [ RunTime:0.001507s ]
SQL: SHOW COLUMNS FROM `manifest` [ RunTime:0.003939s ]
SQL: SELECT `manifest_id`,`manifest_num`,`manifest_add_time`,`manifest_status` FROM `manifest` WHERE ( `transport_unit_id` = 7 ) AND ( manifest_status>0 )  [ RunTime:0.003126s ]
SQL: SHOW COLUMNS FROM `transport_unit` [ RunTime:0.004822s ]
SQL: SELECT `transport_unit_name` FROM `transport_unit` WHERE ( `transport_unit_id` = 7 ) LIMIT 1   [ RunTime:0.002707s ]
INFO: [ view_parse ] --START--
INFO: ParseTemplate Behavior ::run [ RunTime:0.014675s ]
INFO: [ view_parse ] --END-- [ RunTime:0.014970s ]
INFO: [ view_filter ] --START--
INFO: ContentReplace Behavior ::run [ RunTime:0.001167s ]
INFO: TokenBuild Behavior ::run [ RunTime:0.000542s ]
INFO: WriteHtmlCache Behavior ::run [ RunTime:0.000336s ]
INFO: ShowRuntime Behavior ::run [ RunTime:0.000894s ]
INFO: [ view_filter ] --END-- [ RunTime:0.003360s ]

[ 2014-03-01T23:56:49+08:00 ] 127.0.0.1 /DWMS/www/index.php/Home/TransportManifest/transfer_manifest_query.html
INFO: [ route_check ] --START--
INFO: CheckRoute Behavior ::run [ RunTime:0.002140s ]
INFO: [ route_check ] --END-- [ RunTime:0.002468s ]
INFO: [ app_begin ] --START--
INFO: ReadHtmlCache Behavior ::run [ RunTime:0.001032s ]
INFO: [ app_begin ] --END-- [ RunTime:0.001217s ]
SQL: SHOW COLUMNS FROM `manifest` [ RunTime:0.003540s ]
SQL: SELECT `manifest_id`,`manifest_num`,`manifest_add_time`,`manifest_status` FROM `manifest` WHERE ( `transport_unit_id` = 7 ) AND ( manifest_status>1 )  [ RunTime:0.002549s ]
SQL: SHOW COLUMNS FROM `transport_unit` [ RunTime:0.003195s ]
SQL: SELECT `transport_unit_name` FROM `transport_unit` WHERE ( `transport_unit_id` = 7 ) LIMIT 1   [ RunTime:0.023261s ]
INFO: [ view_parse ] --START--
INFO: ParseTemplate Behavior ::run [ RunTime:0.035135s ]
INFO: [ view_parse ] --END-- [ RunTime:0.035633s ]
INFO: [ view_filter ] --START--
INFO: ContentReplace Behavior ::run [ RunTime:0.001961s ]
INFO: TokenBuild Behavior ::run [ RunTime:0.001727s ]
INFO: WriteHtmlCache Behavior ::run [ RunTime:0.001094s ]
INFO: ShowRuntime Behavior ::run [ RunTime:0.001133s ]
INFO: [ view_filter ] --END-- [ RunTime:0.006705s ]

[ 2014-03-01T23:56:52+08:00 ] 127.0.0.1 /DWMS/www/index.php/Home/TransportManifest/transfer_manifest_query_page?manifest_id=121023
INFO: [ route_check ] --START--
INFO: CheckRoute Behavior ::run [ RunTime:0.002166s ]
INFO: [ route_check ] --END-- [ RunTime:0.002400s ]
INFO: [ app_begin ] --START--
INFO: ReadHtmlCache Behavior ::run [ RunTime:0.001083s ]
INFO: [ app_begin ] --END-- [ RunTime:0.001246s ]
SQL: SHOW COLUMNS FROM `manifest` [ RunTime:0.003422s ]
SQL: SELECT * FROM `manifest` WHERE ( `manifest_id` = 121023 ) LIMIT 1   [ RunTime:0.004100s ]
SQL: SHOW COLUMNS FROM `transport_unit` [ RunTime:0.004834s ]
SQL: SELECT * FROM `transport_unit` WHERE ( `transport_unit_id` = 7 ) LIMIT 1   [ RunTime:0.002824s ]
SQL: SELECT `production_unit_id` FROM `manifest` WHERE ( manifest_id='121023' ) LIMIT 1   [ RunTime:0.001888s ]
SQL: SELECT `reception_unit_id` FROM `manifest` WHERE ( manifest_id='121023' ) LIMIT 1   [ RunTime:0.003465s ]
SQL: SHOW COLUMNS FROM `production_unit` [ RunTime:0.004049s ]
SQL: SELECT `production_unit_name` FROM `production_unit` WHERE ( production_unit_id='66' ) LIMIT 1   [ RunTime:0.003410s ]
SQL: SHOW COLUMNS FROM `reception_unit` [ RunTime:0.005587s ]
SQL: SELECT `reception_unit_name` FROM `reception_unit` WHERE ( reception_unit_id='14' ) LIMIT 1   [ RunTime:0.002984s ]
INFO: [ view_parse ] --START--
INFO: ParseTemplate Behavior ::run [ RunTime:0.025668s ]
INFO: [ view_parse ] --END-- [ RunTime:0.025921s ]
INFO: [ view_filter ] --START--
INFO: ContentReplace Behavior ::run [ RunTime:0.000712s ]
INFO: TokenBuild Behavior ::run [ RunTime:0.000711s ]
INFO: WriteHtmlCache Behavior ::run [ RunTime:0.000637s ]
INFO: ShowRuntime Behavior ::run [ RunTime:0.001026s ]
INFO: [ view_filter ] --END-- [ RunTime:0.003565s ]

[ 2014-03-01T23:56:56+08:00 ] 127.0.0.1 /DWMS/www/index.php/Home/TransportManifest/transfer_manifest_handle.html
INFO: [ route_check ] --START--
INFO: CheckRoute Behavior ::run [ RunTime:0.000775s ]
INFO: [ route_check ] --END-- [ RunTime:0.000914s ]
INFO: [ app_begin ] --START--
INFO: ReadHtmlCache Behavior ::run [ RunTime:0.000632s ]
INFO: [ app_begin ] --END-- [ RunTime:0.000742s ]
SQL: SHOW COLUMNS FROM `manifest` [ RunTime:0.008127s ]
SQL: SELECT `manifest_id`,`manifest_num`,`manifest_add_time`,`manifest_status` FROM `manifest` WHERE ( `transport_unit_id` = 7 ) AND ( manifest_status>0 )  [ RunTime:0.003994s ]
SQL: SHOW COLUMNS FROM `transport_unit` [ RunTime:0.004001s ]
SQL: SELECT `transport_unit_name` FROM `transport_unit` WHERE ( `transport_unit_id` = 7 ) LIMIT 1   [ RunTime:0.001909s ]
INFO: [ view_parse ] --START--
INFO: ParseTemplate Behavior ::run [ RunTime:0.013314s ]
INFO: [ view_parse ] --END-- [ RunTime:0.013531s ]
INFO: [ view_filter ] --START--
INFO: ContentReplace Behavior ::run [ RunTime:0.000873s ]
INFO: TokenBuild Behavior ::run [ RunTime:0.000777s ]
INFO: WriteHtmlCache Behavior ::run [ RunTime:0.000642s ]
INFO: ShowRuntime Behavior ::run [ RunTime:0.000932s ]
INFO: [ view_filter ] --END-- [ RunTime:0.003658s ]

[ 2014-03-01T23:57:06+08:00 ] 127.0.0.1 /DWMS/www/index.php/Home/Login/logout.html
INFO: [ route_check ] --START--
INFO: CheckRoute Behavior ::run [ RunTime:0.000782s ]
INFO: [ route_check ] --END-- [ RunTime:0.000904s ]
INFO: [ app_begin ] --START--
INFO: ReadHtmlCache Behavior ::run [ RunTime:0.000514s ]
INFO: [ app_begin ] --END-- [ RunTime:0.000626s ]
SQL: SHOW COLUMNS FROM `user` [ RunTime:0.004397s ]
SQL: UPDATE `user` SET `last_login_time`='2014-03-01 23:49:36',`last_login_ip`='127.0.0.1' WHERE ( `user_id` = 93 ) [ RunTime:0.019374s ]

[ 2014-03-01T23:57:06+08:00 ] 127.0.0.1 /DWMS/www/index.php/Home/Index/index.html
INFO: [ route_check ] --START--
INFO: CheckRoute Behavior ::run [ RunTime:0.000789s ]
INFO: [ route_check ] --END-- [ RunTime:0.000926s ]
INFO: [ app_begin ] --START--
INFO: ReadHtmlCache Behavior ::run [ RunTime:0.000550s ]
INFO: [ app_begin ] --END-- [ RunTime:0.000687s ]
INFO: [ view_parse ] --START--
INFO: ParseTemplate Behavior ::run [ RunTime:0.011782s ]
INFO: [ view_parse ] --END-- [ RunTime:0.011957s ]
INFO: [ view_filter ] --START--
INFO: ContentReplace Behavior ::run [ RunTime:0.000510s ]
INFO: TokenBuild Behavior ::run [ RunTime:0.000471s ]
INFO: WriteHtmlCache Behavior ::run [ RunTime:0.000388s ]
INFO: ShowRuntime Behavior ::run [ RunTime:0.000565s ]
INFO: [ view_filter ] --END-- [ RunTime:0.002211s ]
INFO: [ view_end ] --START--
INFO: ShowPageTrace Behavior ::run [ RunTime:0.000915s ]
INFO: [ view_end ] --END-- [ RunTime:0.001054s ]

[ 2014-03-01T23:57:07+08:00 ] 127.0.0.1 /DWMS/www/index.php/Home/Index/verify.html
INFO: [ route_check ] --START--
INFO: CheckRoute Behavior ::run [ RunTime:0.001374s ]
INFO: [ route_check ] --END-- [ RunTime:0.001625s ]
INFO: [ app_begin ] --START--
INFO: ReadHtmlCache Behavior ::run [ RunTime:0.001057s ]
INFO: [ app_begin ] --END-- [ RunTime:0.001260s ]

[ 2014-03-01T23:57:14+08:00 ] 127.0.0.1 /DWMS/www/index.php/Home/Index/login.html
INFO: [ route_check ] --START--
INFO: CheckRoute Behavior ::run [ RunTime:0.001252s ]
INFO: [ route_check ] --END-- [ RunTime:0.001438s ]
INFO: [ app_begin ] --START--
INFO: ReadHtmlCache Behavior ::run [ RunTime:0.000857s ]
INFO: [ app_begin ] --END-- [ RunTime:0.001012s ]
SQL: SHOW COLUMNS FROM `user` [ RunTime:0.002430s ]
SQL: SELECT * FROM `user` WHERE ( `username` = 'district' ) LIMIT 1   [ RunTime:0.001952s ]
SQL: UPDATE `user` SET `current_login_time`='2014-03-01 23:57:14',`current_login_ip`='127.0.0.1' WHERE ( `user_id` = 5 ) [ RunTime:0.017918s ]

[ 2014-03-01T23:57:14+08:00 ] 127.0.0.1 /DWMS/www/index.php/Home/LoginDistrict/homepage.html
INFO: [ route_check ] --START--
INFO: CheckRoute Behavior ::run [ RunTime:0.001157s ]
INFO: [ route_check ] --END-- [ RunTime:0.001408s ]
INFO: [ app_begin ] --START--
INFO: ReadHtmlCache Behavior ::run [ RunTime:0.000680s ]
INFO: [ app_begin ] --END-- [ RunTime:0.000793s ]
SQL: SHOW COLUMNS FROM `agency` [ RunTime:0.002344s ]
SQL: SELECT * FROM `agency` WHERE ( `user_id` = 5 ) LIMIT 1   [ RunTime:0.001982s ]
SQL: SHOW COLUMNS FROM `jurisdiction` [ RunTime:0.002288s ]
SQL: SELECT * FROM `jurisdiction` WHERE ( `jurisdiction_id` = 3 ) LIMIT 1   [ RunTime:0.001768s ]
INFO: [ view_parse ] --START--
INFO: ParseTemplate Behavior ::run [ RunTime:0.015056s ]
INFO: [ view_parse ] --END-- [ RunTime:0.015189s ]
INFO: [ view_filter ] --START--
INFO: ContentReplace Behavior ::run [ RunTime:0.000719s ]
INFO: TokenBuild Behavior ::run [ RunTime:0.000449s ]
INFO: WriteHtmlCache Behavior ::run [ RunTime:0.000410s ]
INFO: ShowRuntime Behavior ::run [ RunTime:0.000532s ]
INFO: [ view_filter ] --END-- [ RunTime:0.002395s ]
INFO: [ view_end ] --START--
INFO: ShowPageTrace Behavior ::run [ RunTime:0.000693s ]
INFO: [ view_end ] --END-- [ RunTime:0.000787s ]

[ 2014-03-01T23:57:14+08:00 ] 127.0.0.1 /DWMS/www/index.php/Home/DistrictBusiness/get_chart.html
INFO: [ route_check ] --START--
INFO: CheckRoute Behavior ::run [ RunTime:0.001236s ]
INFO: [ route_check ] --END-- [ RunTime:0.001447s ]
INFO: [ app_begin ] --START--
INFO: ReadHtmlCache Behavior ::run [ RunTime:0.000904s ]
INFO: [ app_begin ] --END-- [ RunTime:0.001058s ]
SQL: SHOW COLUMNS FROM `production_unit` [ RunTime:0.003198s ]
SQL: SELECT COUNT(*) AS tp_count FROM `production_unit` LIMIT 1   [ RunTime:0.003316s ]
SQL: SHOW COLUMNS FROM `transport_unit` [ RunTime:0.003766s ]
SQL: SELECT COUNT(*) AS tp_count FROM `transport_unit` LIMIT 1   [ RunTime:0.005039s ]
SQL: SHOW COLUMNS FROM `reception_unit` [ RunTime:0.004592s ]
SQL: SELECT COUNT(*) AS tp_count FROM `reception_unit` LIMIT 1   [ RunTime:0.001776s ]
SQL: SHOW COLUMNS FROM `manifest` [ RunTime:0.003435s ]
SQL: SELECT COUNT(*) AS tp_count FROM `manifest` LIMIT 1   [ RunTime:0.002372s ]
SQL: SHOW COLUMNS FROM `rfid` [ RunTime:0.002981s ]
SQL: SELECT SUM(waste_total) AS tp_sum FROM `rfid` WHERE ( add_method=0 ) LIMIT 1   [ RunTime:0.001616s ]
SQL: SELECT SUM(waste_total) AS tp_sum FROM `rfid` WHERE ( add_method=1 ) LIMIT 1   [ RunTime:0.001905s ]
SQL: SELECT * FROM `production_unit`  [ RunTime:0.004033s ]
NOTIC: [2] Creating default object from empty value C:\wamp\www\DWMS\www\App\Lib\Action\Home\DistrictBusinessAction.class.php 第 372 行.

[ 2014-03-01T23:57:15+08:00 ] 127.0.0.1 /DWMS/www/index.php/Home/DistrictBusiness/business_sidebar.html
INFO: [ route_check ] --START--
INFO: CheckRoute Behavior ::run [ RunTime:0.000839s ]
INFO: [ route_check ] --END-- [ RunTime:0.000985s ]
INFO: [ app_begin ] --START--
INFO: ReadHtmlCache Behavior ::run [ RunTime:0.000581s ]
INFO: [ app_begin ] --END-- [ RunTime:0.000695s ]
INFO: [ view_parse ] --START--
INFO: ParseTemplate Behavior ::run [ RunTime:0.015599s ]
INFO: [ view_parse ] --END-- [ RunTime:0.015739s ]
INFO: [ view_filter ] --START--
INFO: ContentReplace Behavior ::run [ RunTime:0.000657s ]
INFO: TokenBuild Behavior ::run [ RunTime:0.000442s ]
INFO: WriteHtmlCache Behavior ::run [ RunTime:0.000416s ]
INFO: ShowRuntime Behavior ::run [ RunTime:0.000542s ]
INFO: [ view_filter ] --END-- [ RunTime:0.002330s ]
INFO: [ view_end ] --START--
INFO: ShowPageTrace Behavior ::run [ RunTime:0.000705s ]
INFO: [ view_end ] --END-- [ RunTime:0.000804s ]

[ 2014-03-01T23:57:16+08:00 ] 127.0.0.1 /DWMS/www/index.php/Home/DistrictBusiness/transfer_record_management.html
INFO: [ route_check ] --START--
INFO: CheckRoute Behavior ::run [ RunTime:0.001291s ]
INFO: [ route_check ] --END-- [ RunTime:0.001528s ]
INFO: [ app_begin ] --START--
INFO: ReadHtmlCache Behavior ::run [ RunTime:0.001084s ]
INFO: [ app_begin ] --END-- [ RunTime:0.001224s ]
SQL: SHOW COLUMNS FROM `record` [ RunTime:0.002937s ]
SQL: SELECT * FROM `record` LEFT JOIN production_unit ON record.production_unit_id = production_unit.production_unit_id WHERE ( `jurisdiction_id` = '3' ) AND ( `record_status` > 0 )  [ RunTime:0.004187s ]
INFO: [ view_parse ] --START--
INFO: ParseTemplate Behavior ::run [ RunTime:0.011259s ]
INFO: [ view_parse ] --END-- [ RunTime:0.011453s ]
INFO: [ view_filter ] --START--
INFO: ContentReplace Behavior ::run [ RunTime:0.000721s ]
INFO: TokenBuild Behavior ::run [ RunTime:0.000692s ]
INFO: WriteHtmlCache Behavior ::run [ RunTime:0.000586s ]
INFO: ShowRuntime Behavior ::run [ RunTime:0.000922s ]
INFO: [ view_filter ] --END-- [ RunTime:0.003340s ]

[ 2014-03-01T23:57:37+08:00 ] 127.0.0.1 /DWMS/www/index.php/Home/DistrictBusiness/transfer_manifest_management.html
INFO: [ route_check ] --START--
INFO: CheckRoute Behavior ::run [ RunTime:0.001454s ]
INFO: [ route_check ] --END-- [ RunTime:0.001672s ]
INFO: [ app_begin ] --START--
INFO: ReadHtmlCache Behavior ::run [ RunTime:0.000622s ]
INFO: [ app_begin ] --END-- [ RunTime:0.000740s ]
SQL: SHOW COLUMNS FROM `manifest` [ RunTime:0.003672s ]
SQL: SELECT * FROM `manifest` LEFT JOIN production_unit ON manifest.production_unit_id = production_unit.production_unit_id WHERE ( `jurisdiction_id` = '3' ) AND ( `manifest_status` = 3 )  [ RunTime:0.004424s ]
SQL: SELECT * FROM `manifest` LEFT JOIN reception_unit ON manifest.reception_unit_id = reception_unit.reception_unit_id WHERE ( `jurisdiction_id` = '3' ) AND ( `manifest_status` = 10 )  [ RunTime:0.004239s ]
INFO: [ view_parse ] --START--
INFO: ParseTemplate Behavior ::run [ RunTime:0.009914s ]
INFO: [ view_parse ] --END-- [ RunTime:0.010194s ]
INFO: [ view_filter ] --START--
INFO: ContentReplace Behavior ::run [ RunTime:0.000663s ]
INFO: TokenBuild Behavior ::run [ RunTime:0.000657s ]
INFO: WriteHtmlCache Behavior ::run [ RunTime:0.000689s ]
INFO: ShowRuntime Behavior ::run [ RunTime:0.000793s ]
INFO: [ view_filter ] --END-- [ RunTime:0.003201s ]

[ 2014-03-01T23:57:50+08:00 ] 127.0.0.1 /DWMS/www/index.php/Home/DistrictBusiness/transfer_manifest_management_page?manifest_id=121023
INFO: [ route_check ] --START--
INFO: CheckRoute Behavior ::run [ RunTime:0.002349s ]
INFO: [ route_check ] --END-- [ RunTime:0.002606s ]
INFO: [ app_begin ] --START--
INFO: ReadHtmlCache Behavior ::run [ RunTime:0.001940s ]
INFO: [ app_begin ] --END-- [ RunTime:0.002297s ]
SQL: SHOW COLUMNS FROM `manifest` [ RunTime:0.004228s ]
SQL: SELECT * FROM `manifest` WHERE ( `manifest_id` = 121023 ) LIMIT 1   [ RunTime:0.003771s ]
INFO: [ view_parse ] --START--
INFO: ParseTemplate Behavior ::run [ RunTime:0.033074s ]
INFO: [ view_parse ] --END-- [ RunTime:0.033338s ]
INFO: [ view_filter ] --START--
INFO: ContentReplace Behavior ::run [ RunTime:0.000873s ]
INFO: TokenBuild Behavior ::run [ RunTime:0.000899s ]
INFO: WriteHtmlCache Behavior ::run [ RunTime:0.000796s ]
INFO: ShowRuntime Behavior ::run [ RunTime:0.001003s ]
INFO: [ view_filter ] --END-- [ RunTime:0.004084s ]

[ 2014-03-01T23:58:36+08:00 ] 127.0.0.1 /DWMS/www/index.php/Home/DistrictBusiness/transfer_manifest_management_page?manifest_id=121019
INFO: [ route_check ] --START--
INFO: CheckRoute Behavior ::run [ RunTime:0.002326s ]
INFO: [ route_check ] --END-- [ RunTime:0.002644s ]
INFO: [ app_begin ] --START--
INFO: ReadHtmlCache Behavior ::run [ RunTime:0.001688s ]
INFO: [ app_begin ] --END-- [ RunTime:0.001937s ]
SQL: SHOW COLUMNS FROM `manifest` [ RunTime:0.004784s ]
SQL: SELECT * FROM `manifest` WHERE ( `manifest_id` = 121019 ) LIMIT 1   [ RunTime:0.004311s ]
INFO: [ view_parse ] --START--
INFO: ParseTemplate Behavior ::run [ RunTime:0.024367s ]
INFO: [ view_parse ] --END-- [ RunTime:0.024621s ]
INFO: [ view_filter ] --START--
INFO: ContentReplace Behavior ::run [ RunTime:0.000915s ]
INFO: TokenBuild Behavior ::run [ RunTime:0.000969s ]
INFO: WriteHtmlCache Behavior ::run [ RunTime:0.000716s ]
INFO: ShowRuntime Behavior ::run [ RunTime:0.001112s ]
INFO: [ view_filter ] --END-- [ RunTime:0.004197s ]

[ 2014-03-01T23:58:43+08:00 ] 127.0.0.1 /DWMS/www/index.php/Home/DistrictBusiness/transfer_manifest_management_page?manifest_id=120956
INFO: [ route_check ] --START--
INFO: CheckRoute Behavior ::run [ RunTime:0.000832s ]
INFO: [ route_check ] --END-- [ RunTime:0.000976s ]
INFO: [ app_begin ] --START--
INFO: ReadHtmlCache Behavior ::run [ RunTime:0.000751s ]
INFO: [ app_begin ] --END-- [ RunTime:0.000859s ]
SQL: SHOW COLUMNS FROM `manifest` [ RunTime:0.006336s ]
SQL: SELECT * FROM `manifest` WHERE ( `manifest_id` = 120956 ) LIMIT 1   [ RunTime:0.002886s ]
INFO: [ view_parse ] --START--
INFO: ParseTemplate Behavior ::run [ RunTime:0.068411s ]
INFO: [ view_parse ] --END-- [ RunTime:0.068662s ]
INFO: [ view_filter ] --START--
INFO: ContentReplace Behavior ::run [ RunTime:0.001237s ]
INFO: TokenBuild Behavior ::run [ RunTime:0.000867s ]
INFO: WriteHtmlCache Behavior ::run [ RunTime:0.000698s ]
INFO: ShowRuntime Behavior ::run [ RunTime:0.001274s ]
INFO: [ view_filter ] --END-- [ RunTime:0.004761s ]

