[ 2014-02-20T19:16:29+08:00 ] 127.0.0.1 /index.php/Home/DistrictMap/transfer_map_display.html
INFO: [ app_begin ] --START--
INFO: ReadHtmlCache Behavior ::run [ RunTime:0.001833s ]
INFO: [ app_begin ] --END-- [ RunTime:0.002012s ]
SQL: SHOW COLUMNS FROM `vehicle` [ RunTime:0.005845s ]
SQL: SELECT * FROM `vehicle` LEFT JOIN transport_unit ON vehicle.transport_unit_id = transport_unit.transport_unit_id WHERE ( `vehicle_status` = 2 ) AND ( `jurisdiction_id` = '3' )  [ RunTime:0.004165s ]
SQL: SHOW COLUMNS FROM `route_vehicle` [ RunTime:0.003210s ]
SQL: SELECT * FROM `route_vehicle` LEFT JOIN route ON route_vehicle.route_id = route.route_id LEFT JOIN vehicle ON route_vehicle.vehicle_id = vehicle.vehicle_id WHERE ( `vehicle_status` = 2 ) AND ( `jurisdiction_id` = '3' )  [ RunTime:0.064096s ]
INFO: [ view_parse ] --START--
INFO: ParseTemplate Behavior ::run [ RunTime:0.016965s ]
INFO: [ view_parse ] --END-- [ RunTime:0.017150s ]
INFO: [ view_filter ] --START--
INFO: ContentReplace Behavior ::run [ RunTime:0.002135s ]
INFO: TokenBuild Behavior ::run [ RunTime:0.001784s ]
INFO: WriteHtmlCache Behavior ::run [ RunTime:0.001091s ]
INFO: ShowRuntime Behavior ::run [ RunTime:0.001474s ]
INFO: [ view_filter ] --END-- [ RunTime:0.006860s ]

[ 2014-02-20T19:16:30+08:00 ] 127.0.0.1 /index.php/Home/DistrictMap/ajax_gps_data.html
INFO: [ app_begin ] --START--
INFO: ReadHtmlCache Behavior ::run [ RunTime:0.001305s ]
INFO: [ app_begin ] --END-- [ RunTime:0.001553s ]
SQL: SHOW COLUMNS FROM `vehicle` [ RunTime:0.003696s ]
SQL: SELECT `vehicle_id`,`device_serial_num` FROM `vehicle` LEFT JOIN device ON vehicle.device_id = device.device_id WHERE ( `vehicle_status` = 2 ) AND ( `jurisdiction_id` = '3' )  [ RunTime:0.003912s ]
SQL: SHOW COLUMNS FROM `gps_308001061692` [ RunTime:0.004063s ]
SQL: SELECT MAX(id) AS tp_max FROM `gps_308001061692` WHERE ( `status` = 0 ) LIMIT 1   [ RunTime:0.002680s ]
SQL: SELECT `bmap_longitude`,`bmap_latitude` FROM `gps_308001061692` WHERE ( `id` = 1547 )  [ RunTime:0.002122s ]
SQL: SHOW COLUMNS FROM `gps_308033501795` [ RunTime:0.002601s ]
SQL: SELECT MAX(id) AS tp_max FROM `gps_308033501795` WHERE ( `status` = 0 ) LIMIT 1   [ RunTime:0.001971s ]
SQL: SELECT `bmap_longitude`,`bmap_latitude` FROM `gps_308033501795` WHERE ( `id` = 1497 )  [ RunTime:0.002972s ]

[ 2014-02-20T19:16:32+08:00 ] 127.0.0.1 /index.php/Home/DistrictMap/designate_vehicle_playback.html
INFO: [ app_begin ] --START--
INFO: ReadHtmlCache Behavior ::run [ RunTime:0.001070s ]
INFO: [ app_begin ] --END-- [ RunTime:0.001230s ]
SQL: SHOW COLUMNS FROM `transport_unit` [ RunTime:0.007648s ]
SQL: SELECT `transport_unit_id`,`jurisdiction_id`,`transport_unit_name` FROM `transport_unit` WHERE ( `jurisdiction_id` = '3' )  [ RunTime:0.001957s ]
INFO: [ view_parse ] --START--
INFO: ParseTemplate Behavior ::run [ RunTime:0.025449s ]
INFO: [ view_parse ] --END-- [ RunTime:0.025575s ]
INFO: [ view_filter ] --START--
INFO: ContentReplace Behavior ::run [ RunTime:0.000486s ]
INFO: TokenBuild Behavior ::run [ RunTime:0.000432s ]
INFO: WriteHtmlCache Behavior ::run [ RunTime:0.000280s ]
INFO: ShowRuntime Behavior ::run [ RunTime:0.000536s ]
INFO: [ view_filter ] --END-- [ RunTime:0.001925s ]

[ 2014-02-20T19:16:52+08:00 ] 127.0.0.1 /index.php/Home/DistrictMap/designate_vehicle_playback.html
INFO: [ app_begin ] --START--
INFO: ReadHtmlCache Behavior ::run [ RunTime:0.001304s ]
INFO: [ app_begin ] --END-- [ RunTime:0.001496s ]
SQL: SHOW COLUMNS FROM `transport_unit` [ RunTime:0.006124s ]
SQL: SELECT `transport_unit_id`,`jurisdiction_id`,`transport_unit_name` FROM `transport_unit` WHERE ( `jurisdiction_id` = '3' )  [ RunTime:0.011869s ]
INFO: [ view_parse ] --START--
INFO: ParseTemplate Behavior ::run [ RunTime:0.015240s ]
INFO: [ view_parse ] --END-- [ RunTime:0.015400s ]
INFO: [ view_filter ] --START--
INFO: ContentReplace Behavior ::run [ RunTime:0.000593s ]
INFO: TokenBuild Behavior ::run [ RunTime:0.000531s ]
INFO: WriteHtmlCache Behavior ::run [ RunTime:0.000325s ]
INFO: ShowRuntime Behavior ::run [ RunTime:0.000597s ]
INFO: [ view_filter ] --END-- [ RunTime:0.002281s ]

[ 2014-02-20T19:17:04+08:00 ] 127.0.0.1 /index.php/Home/DistrictMap/designate_vehicle_playback.html
INFO: [ app_begin ] --START--
INFO: ReadHtmlCache Behavior ::run [ RunTime:0.001506s ]
INFO: [ app_begin ] --END-- [ RunTime:0.001679s ]
SQL: SHOW COLUMNS FROM `transport_unit` [ RunTime:0.009750s ]
SQL: SELECT `transport_unit_id`,`jurisdiction_id`,`transport_unit_name` FROM `transport_unit` WHERE ( `jurisdiction_id` = '3' )  [ RunTime:0.002539s ]
INFO: [ view_parse ] --START--
INFO: ParseTemplate Behavior ::run [ RunTime:0.011220s ]
INFO: [ view_parse ] --END-- [ RunTime:0.011336s ]
INFO: [ view_filter ] --START--
INFO: ContentReplace Behavior ::run [ RunTime:0.000610s ]
INFO: TokenBuild Behavior ::run [ RunTime:0.000856s ]
INFO: WriteHtmlCache Behavior ::run [ RunTime:0.000394s ]
INFO: ShowRuntime Behavior ::run [ RunTime:0.000601s ]
INFO: [ view_filter ] --END-- [ RunTime:0.002710s ]

[ 2014-02-20T19:17:12+08:00 ] 127.0.0.1 /index.php/Home/DistrictMap/designate_vehicle_playback.html
INFO: [ app_begin ] --START--
INFO: ReadHtmlCache Behavior ::run [ RunTime:0.000864s ]
INFO: [ app_begin ] --END-- [ RunTime:0.000993s ]
SQL: SHOW COLUMNS FROM `transport_unit` [ RunTime:0.004231s ]
SQL: SELECT `transport_unit_id`,`jurisdiction_id`,`transport_unit_name` FROM `transport_unit` WHERE ( `jurisdiction_id` = '3' )  [ RunTime:0.006383s ]
INFO: [ view_parse ] --START--
INFO: ParseTemplate Behavior ::run [ RunTime:0.014603s ]
INFO: [ view_parse ] --END-- [ RunTime:0.014747s ]
INFO: [ view_filter ] --START--
INFO: ContentReplace Behavior ::run [ RunTime:0.000713s ]
INFO: TokenBuild Behavior ::run [ RunTime:0.000637s ]
INFO: WriteHtmlCache Behavior ::run [ RunTime:0.000381s ]
INFO: ShowRuntime Behavior ::run [ RunTime:0.000669s ]
INFO: [ view_filter ] --END-- [ RunTime:0.002703s ]

[ 2014-02-20T19:17:16+08:00 ] 127.0.0.1 /index.php/Home/DistrictMap/designate_vehicle_playback.html
INFO: [ app_begin ] --START--
INFO: ReadHtmlCache Behavior ::run [ RunTime:0.001063s ]
INFO: [ app_begin ] --END-- [ RunTime:0.001227s ]
SQL: SHOW COLUMNS FROM `transport_unit` [ RunTime:0.004832s ]
SQL: SELECT `transport_unit_id`,`jurisdiction_id`,`transport_unit_name` FROM `transport_unit` WHERE ( `jurisdiction_id` = '3' )  [ RunTime:0.010371s ]
INFO: [ view_parse ] --START--
INFO: ParseTemplate Behavior ::run [ RunTime:0.013492s ]
INFO: [ view_parse ] --END-- [ RunTime:0.013644s ]
INFO: [ view_filter ] --START--
INFO: ContentReplace Behavior ::run [ RunTime:0.001016s ]
INFO: TokenBuild Behavior ::run [ RunTime:0.000943s ]
INFO: WriteHtmlCache Behavior ::run [ RunTime:0.000907s ]
INFO: ShowRuntime Behavior ::run [ RunTime:0.001057s ]
INFO: [ view_filter ] --END-- [ RunTime:0.004522s ]

[ 2014-02-20T19:19:47+08:00 ] 127.0.0.1 /index.php/Home/DistrictMap/designate_vehicle_playback.html
INFO: [ app_begin ] --START--
INFO: ReadHtmlCache Behavior ::run [ RunTime:0.001307s ]
INFO: [ app_begin ] --END-- [ RunTime:0.001421s ]
SQL: SHOW COLUMNS FROM `transport_unit` [ RunTime:0.009286s ]
SQL: SELECT `transport_unit_id`,`jurisdiction_id`,`transport_unit_name` FROM `transport_unit` WHERE ( `jurisdiction_id` = '3' )  [ RunTime:0.005342s ]
INFO: [ view_parse ] --START--
INFO: ParseTemplate Behavior ::run [ RunTime:0.015098s ]
INFO: [ view_parse ] --END-- [ RunTime:0.015222s ]
INFO: [ view_filter ] --START--
INFO: ContentReplace Behavior ::run [ RunTime:0.001150s ]
INFO: TokenBuild Behavior ::run [ RunTime:0.001889s ]
INFO: WriteHtmlCache Behavior ::run [ RunTime:0.001734s ]
INFO: ShowRuntime Behavior ::run [ RunTime:0.002347s ]
INFO: [ view_filter ] --END-- [ RunTime:0.007495s ]

[ 2014-02-20T19:20:26+08:00 ] 127.0.0.1 /index.php/Home/DistrictMap/designate_vehicle_playback.html
INFO: [ app_begin ] --START--
INFO: ReadHtmlCache Behavior ::run [ RunTime:0.001197s ]
INFO: [ app_begin ] --END-- [ RunTime:0.001373s ]
SQL: SHOW COLUMNS FROM `transport_unit` [ RunTime:0.004466s ]
SQL: SELECT `transport_unit_id`,`jurisdiction_id`,`transport_unit_name` FROM `transport_unit` WHERE ( `jurisdiction_id` = '3' )  [ RunTime:0.002437s ]
INFO: [ view_parse ] --START--
INFO: ParseTemplate Behavior ::run [ RunTime:0.013318s ]
INFO: [ view_parse ] --END-- [ RunTime:0.013458s ]
INFO: [ view_filter ] --START--
INFO: ContentReplace Behavior ::run [ RunTime:0.000609s ]
INFO: TokenBuild Behavior ::run [ RunTime:0.000531s ]
INFO: WriteHtmlCache Behavior ::run [ RunTime:0.000355s ]
INFO: ShowRuntime Behavior ::run [ RunTime:0.000773s ]
INFO: [ view_filter ] --END-- [ RunTime:0.002519s ]

[ 2014-02-20T19:20:45+08:00 ] 127.0.0.1 /index.php/Home/DistrictMap/designate_vehicle_playback.html
INFO: [ app_begin ] --START--
INFO: ReadHtmlCache Behavior ::run [ RunTime:0.001204s ]
INFO: [ app_begin ] --END-- [ RunTime:0.001380s ]
SQL: SHOW COLUMNS FROM `transport_unit` [ RunTime:0.007391s ]
SQL: SELECT `transport_unit_id`,`jurisdiction_id`,`transport_unit_name` FROM `transport_unit` WHERE ( `jurisdiction_id` = '3' )  [ RunTime:0.002506s ]
INFO: [ view_parse ] --START--
INFO: ParseTemplate Behavior ::run [ RunTime:0.012572s ]
INFO: [ view_parse ] --END-- [ RunTime:0.012690s ]
INFO: [ view_filter ] --START--
INFO: ContentReplace Behavior ::run [ RunTime:0.000583s ]
INFO: TokenBuild Behavior ::run [ RunTime:0.000753s ]
INFO: WriteHtmlCache Behavior ::run [ RunTime:0.000426s ]
INFO: ShowRuntime Behavior ::run [ RunTime:0.000732s ]
INFO: [ view_filter ] --END-- [ RunTime:0.002815s ]

[ 2014-02-20T19:20:56+08:00 ] 127.0.0.1 /index.php/Home/DistrictMap/designate_vehicle_playback.html
INFO: [ app_begin ] --START--
INFO: ReadHtmlCache Behavior ::run [ RunTime:0.000798s ]
INFO: [ app_begin ] --END-- [ RunTime:0.000902s ]
SQL: SHOW COLUMNS FROM `transport_unit` [ RunTime:0.003527s ]
SQL: SELECT `transport_unit_id`,`jurisdiction_id`,`transport_unit_name` FROM `transport_unit` WHERE ( `jurisdiction_id` = '3' )  [ RunTime:0.003267s ]
INFO: [ view_parse ] --START--
INFO: ParseTemplate Behavior ::run [ RunTime:0.011745s ]
INFO: [ view_parse ] --END-- [ RunTime:0.011867s ]
INFO: [ view_filter ] --START--
INFO: ContentReplace Behavior ::run [ RunTime:0.000533s ]
INFO: TokenBuild Behavior ::run [ RunTime:0.000441s ]
INFO: WriteHtmlCache Behavior ::run [ RunTime:0.000281s ]
INFO: ShowRuntime Behavior ::run [ RunTime:0.000543s ]
INFO: [ view_filter ] --END-- [ RunTime:0.001992s ]

[ 2014-02-20T19:21:26+08:00 ] 127.0.0.1 /index.php/Home/DistrictMap/designate_vehicle_playback.html
INFO: [ app_begin ] --START--
INFO: ReadHtmlCache Behavior ::run [ RunTime:0.000978s ]
INFO: [ app_begin ] --END-- [ RunTime:0.001097s ]
SQL: SHOW COLUMNS FROM `transport_unit` [ RunTime:0.005594s ]
SQL: SELECT `transport_unit_id`,`jurisdiction_id`,`transport_unit_name` FROM `transport_unit` WHERE ( `jurisdiction_id` = '3' )  [ RunTime:0.004940s ]
INFO: [ view_parse ] --START--
INFO: ParseTemplate Behavior ::run [ RunTime:0.015067s ]
INFO: [ view_parse ] --END-- [ RunTime:0.015229s ]
INFO: [ view_filter ] --START--
INFO: ContentReplace Behavior ::run [ RunTime:0.000978s ]
INFO: TokenBuild Behavior ::run [ RunTime:0.000838s ]
INFO: WriteHtmlCache Behavior ::run [ RunTime:0.000494s ]
INFO: ShowRuntime Behavior ::run [ RunTime:0.000857s ]
INFO: [ view_filter ] --END-- [ RunTime:0.003555s ]

[ 2014-02-20T19:21:49+08:00 ] 127.0.0.1 /index.php/Home/DistrictMap/designate_vehicle_playback.html
INFO: [ app_begin ] --START--
INFO: ReadHtmlCache Behavior ::run [ RunTime:0.001873s ]
INFO: [ app_begin ] --END-- [ RunTime:0.002527s ]
SQL: SHOW COLUMNS FROM `transport_unit` [ RunTime:0.004702s ]
SQL: SELECT `transport_unit_id`,`jurisdiction_id`,`transport_unit_name` FROM `transport_unit` WHERE ( `jurisdiction_id` = '3' )  [ RunTime:0.002011s ]
INFO: [ view_parse ] --START--
INFO: ParseTemplate Behavior ::run [ RunTime:0.018107s ]
INFO: [ view_parse ] --END-- [ RunTime:0.018262s ]
INFO: [ view_filter ] --START--
INFO: ContentReplace Behavior ::run [ RunTime:0.001607s ]
INFO: TokenBuild Behavior ::run [ RunTime:0.001425s ]
INFO: WriteHtmlCache Behavior ::run [ RunTime:0.001020s ]
INFO: ShowRuntime Behavior ::run [ RunTime:0.001995s ]
INFO: [ view_filter ] --END-- [ RunTime:0.006416s ]

[ 2014-02-20T19:22:14+08:00 ] 127.0.0.1 /index.php/Home/DistrictMap/designate_vehicle_playback.html
INFO: [ app_begin ] --START--
INFO: ReadHtmlCache Behavior ::run [ RunTime:0.001088s ]
INFO: [ app_begin ] --END-- [ RunTime:0.001235s ]
SQL: SHOW COLUMNS FROM `transport_unit` [ RunTime:0.006646s ]
SQL: SELECT `transport_unit_id`,`jurisdiction_id`,`transport_unit_name` FROM `transport_unit` WHERE ( `jurisdiction_id` = '3' )  [ RunTime:0.007855s ]
INFO: [ view_parse ] --START--
INFO: ParseTemplate Behavior ::run [ RunTime:0.010995s ]
INFO: [ view_parse ] --END-- [ RunTime:0.011114s ]
INFO: [ view_filter ] --START--
INFO: ContentReplace Behavior ::run [ RunTime:0.000576s ]
INFO: TokenBuild Behavior ::run [ RunTime:0.000509s ]
INFO: WriteHtmlCache Behavior ::run [ RunTime:0.000352s ]
INFO: ShowRuntime Behavior ::run [ RunTime:0.000596s ]
INFO: [ view_filter ] --END-- [ RunTime:0.002270s ]

[ 2014-02-20T19:22:26+08:00 ] 127.0.0.1 /index.php/Home/DistrictMap/designate_vehicle_playback.html
INFO: [ app_begin ] --START--
INFO: ReadHtmlCache Behavior ::run [ RunTime:0.000847s ]
INFO: [ app_begin ] --END-- [ RunTime:0.001113s ]
SQL: SHOW COLUMNS FROM `transport_unit` [ RunTime:0.006005s ]
SQL: SELECT `transport_unit_id`,`jurisdiction_id`,`transport_unit_name` FROM `transport_unit` WHERE ( `jurisdiction_id` = '3' )  [ RunTime:0.005201s ]
INFO: [ view_parse ] --START--
INFO: ParseTemplate Behavior ::run [ RunTime:0.011872s ]
INFO: [ view_parse ] --END-- [ RunTime:0.011995s ]
INFO: [ view_filter ] --START--
INFO: ContentReplace Behavior ::run [ RunTime:0.000538s ]
INFO: TokenBuild Behavior ::run [ RunTime:0.000460s ]
INFO: WriteHtmlCache Behavior ::run [ RunTime:0.000325s ]
INFO: ShowRuntime Behavior ::run [ RunTime:0.000567s ]
INFO: [ view_filter ] --END-- [ RunTime:0.002105s ]

[ 2014-02-20T19:22:38+08:00 ] 127.0.0.1 /index.php/Home/DistrictMap/designate_vehicle_playback.html
INFO: [ app_begin ] --START--
INFO: ReadHtmlCache Behavior ::run [ RunTime:0.001677s ]
INFO: [ app_begin ] --END-- [ RunTime:0.001898s ]
SQL: SHOW COLUMNS FROM `transport_unit` [ RunTime:0.006856s ]
SQL: SELECT `transport_unit_id`,`jurisdiction_id`,`transport_unit_name` FROM `transport_unit` WHERE ( `jurisdiction_id` = '3' )  [ RunTime:0.003160s ]
INFO: [ view_parse ] --START--
INFO: ParseTemplate Behavior ::run [ RunTime:0.012893s ]
INFO: [ view_parse ] --END-- [ RunTime:0.013033s ]
INFO: [ view_filter ] --START--
INFO: ContentReplace Behavior ::run [ RunTime:0.000874s ]
INFO: TokenBuild Behavior ::run [ RunTime:0.001120s ]
INFO: WriteHtmlCache Behavior ::run [ RunTime:0.000625s ]
INFO: ShowRuntime Behavior ::run [ RunTime:0.001110s ]
INFO: [ view_filter ] --END-- [ RunTime:0.004196s ]

